2023/09/25 07:27:37 [Recovery] 2023/09/25 - 07:27:37 panic recovered:
runtime error: invalid memory address or nil pointer dereference
/usr/local/go/src/runtime/panic.go:261 (0x1006f5da7)
        panicmem: panic(memoryError)
/usr/local/go/src/runtime/signal_unix.go:861 (0x10070ed4f)
        sigpanic: panicmem()
/Users/valenta.and.thomas/Developer/e2b-api/packages/api/internal/handlers/envs.go:232 (0x101a2ffa8)
        (*APIStore).GetEnvsEnvID: SetAttributes(ctx, attribute.String("env.user_id", userID), attribute.String("env.team_id", team.ID))
/Users/valenta.and.thomas/Developer/e2b-api/packages/api/internal/api/api.gen.go:98 (0x1015670d3)
        (*ServerInterfaceWrapper).GetEnvsEnvID: siw.Handler.GetEnvsEnvID(c, envID)
/Users/valenta.and.thomas/go/pkg/mod/github.com/gin-gonic/gin@v1.9.1/context.go:174 (0x10111fddb)
        (*Context).Next: c.handlers[c.index](c)
/Users/valenta.and.thomas/go/pkg/mod/github.com/deepmap/oapi-codegen@v1.15.0/pkg/gin-middleware/oapi_validate.go:108 (0x101a4920f)
        OapiRequestValidatorWithOptions.func1: c.Next()
/Users/valenta.and.thomas/go/pkg/mod/github.com/gin-gonic/gin@v1.9.1/context.go:174 (0x10111fddb)
        (*Context).Next: c.handlers[c.index](c)
/Users/valenta.and.thomas/go/pkg/mod/github.com/gin-gonic/gin@v1.9.1/recovery.go:102 (0x1011370a3)
        CustomRecoveryWithWriter.func1: c.Next()
/Users/valenta.and.thomas/go/pkg/mod/github.com/gin-gonic/gin@v1.9.1/context.go:174 (0x10111fddb)
        (*Context).Next: c.handlers[c.index](c)
/Users/valenta.and.thomas/go/pkg/mod/github.com/gin-gonic/gin@v1.9.1/logger.go:240 (0x1011356af)
        LoggerWithConfig.func1: c.Next()
/Users/valenta.and.thomas/go/pkg/mod/github.com/gin-gonic/gin@v1.9.1/context.go:174 (0x10111fddb)
        (*Context).Next: c.handlers[c.index](c)
/Users/valenta.and.thomas/Developer/e2b-api/packages/api/internal/middleware/otel.go:82 (0x101a4c64b)
        Otel.func1: c.Next()
/Users/valenta.and.thomas/Developer/e2b-api/packages/api/internal/middleware/exclude.go:22 (0x101a4b92f)
        ExcludeRoutes.func1: middleware(c)
/Users/valenta.and.thomas/go/pkg/mod/github.com/gin-gonic/gin@v1.9.1/context.go:174 (0x10111fddb)
        (*Context).Next: c.handlers[c.index](c)
/Users/valenta.and.thomas/go/pkg/mod/github.com/gin-gonic/gin@v1.9.1/gin.go:620 (0x101132793)
        (*Engine).handleHTTPRequest: c.Next()
/Users/valenta.and.thomas/go/pkg/mod/github.com/gin-gonic/gin@v1.9.1/gin.go:576 (0x101132077)
        (*Engine).ServeHTTP: engine.handleHTTPRequest(c)
/usr/local/go/src/net/http/server.go:2938 (0x100c09b5b)
        serverHandler.ServeHTTP: handler.ServeHTTP(rw, req)
/usr/local/go/src/net/http/server.go:2009 (0x100c025c7)
        (*conn).serve: serverHandler{c.server}.ServeHTTP(w, w.req)
/usr/local/go/src/runtime/asm_arm64.s:1197 (0x10072bd13)
        goexit: MOVD    R0, R0  // NOP